# JRE version: Java(TM) SE Runtime Environment (8.0_40-b26) (build 1.8.0_40-b26)
# Java VM: Java HotSpot(TM) 64-Bit Server VM (25.40-b25 mixed mode windows-amd64 compressed oops)
Heap:
 PSYoungGen      total 411136K, used 35843K [0x00000000d5d00000, 0x00000000f4b00000, 0x0000000100000000)
  eden space 387072K, 9% used [0x00000000d5d00000,0x00000000d8000f60,0x00000000ed700000)
  from space 24064K, 0% used [0x00000000ed700000,0x00000000ed700000,0x00000000eee80000)
  to   space 24064K, 0% used [0x00000000f3380000,0x00000000f3380000,0x00000000f4b00000)
 ParOldGen       total 234496K, used 51705K [0x0000000081600000, 0x000000008fb00000, 0x00000000d5d00000)
  object space 234496K, 22% used [0x0000000081600000,0x000000008487e640,0x000000008fb00000)
 Metaspace       used 160851K, capacity 163142K, committed 164172K, reserved 1198080K
  class space    used 14857K, capacity 15294K, committed 15488K, reserved 1048576K
GC Heap History (10 events):
Event: 71.125 GC heap before
{Heap before GC invocations=17 (full 4):
 PSYoungGen      total 362496K, used 7603K [0x00000000d5d00000, 0x00000000f0600000, 0x0000000100000000)
  eden space 337920K, 0% used [0x00000000d5d00000,0x00000000d5d00000,0x00000000ea700000)
  from space 24576K, 30% used [0x00000000ea700000,0x00000000eae6cf90,0x00000000ebf00000)
  to   space 24064K, 0% used [0x00000000eee80000,0x00000000eee80000,0x00000000f0600000)
 ParOldGen       total 139264K, used 46156K [0x0000000081600000, 0x0000000089e00000, 0x00000000d5d00000)
  object space 139264K, 33% used [0x0000000081600000,0x0000000084313188,0x0000000089e00000)
 Metaspace       used 95850K, capacity 98162K, committed 98380K, reserved 1134592K
  class space    used 12579K, capacity 13072K, committed 13184K, reserved 1048576K
Event: 71.283 GC heap after
Heap after GC invocations=17 (full 4):
 PSYoungGen      total 362496K, used 0K [0x00000000d5d00000, 0x00000000f0600000, 0x0000000100000000)
  eden space 337920K, 0% used [0x00000000d5d00000,0x00000000d5d00000,0x00000000ea700000)
  from space 24576K, 0% used [0x00000000ea700000,0x00000000ea700000,0x00000000ebf00000)
  to   space 24064K, 0% used [0x00000000eee80000,0x00000000eee80000,0x00000000f0600000)
 ParOldGen       total 173056K, used 51629K [0x0000000081600000, 0x000000008bf00000, 0x00000000d5d00000)
  object space 173056K, 29% used [0x0000000081600000,0x000000008486b690,0x000000008bf00000)
 Metaspace       used 95850K, capacity 98162K, committed 98380K, reserved 1134592K
  class space    used 12579K, capacity 13072K, committed 13184K, reserved 1048576K
}
Event: 167.083 GC heap before
{Heap before GC invocations=18 (full 4):
 PSYoungGen      total 362496K, used 318681K [0x00000000d5d00000, 0x00000000f0600000, 0x0000000100000000)
  eden space 337920K, 94% used [0x00000000d5d00000,0x00000000e9436500,0x00000000ea700000)
  from space 24576K, 0% used [0x00000000ea700000,0x00000000ea700000,0x00000000ebf00000)
  to   space 24064K, 0% used [0x00000000eee80000,0x00000000eee80000,0x00000000f0600000)
 ParOldGen       total 173056K, used 51629K [0x0000000081600000, 0x000000008bf00000, 0x00000000d5d00000)
  object space 173056K, 29% used [0x0000000081600000,0x000000008486b690,0x000000008bf00000)
 Metaspace       used 161128K, capacity 163524K, committed 163916K, reserved 1198080K
  class space    used 14912K, capacity 15399K, committed 15488K, reserved 1048576K
Event: 167.116 GC heap after
Heap after GC invocations=18 (full 4):
 PSYoungGen      total 411136K, used 2500K [0x00000000d5d00000, 0x00000000f1680000, 0x0000000100000000)
  eden space 387072K, 0% used [0x00000000d5d00000,0x00000000d5d00000,0x00000000ed700000)
  from space 24064K, 10% used [0x00000000eee80000,0x00000000ef0f1338,0x00000000f0600000)
  to   space 24064K, 0% used [0x00000000ed700000,0x00000000ed700000,0x00000000eee80000)
 ParOldGen       total 173056K, used 51637K [0x0000000081600000, 0x000000008bf00000, 0x00000000d5d00000)
  object space 173056K, 29% used [0x0000000081600000,0x000000008486d690,0x000000008bf00000)
 Metaspace       used 161128K, capacity 163524K, committed 163916K, reserved 1198080K
  class space    used 14912K, capacity 15399K, committed 15488K, reserved 1048576K
}
Event: 167.116 GC heap before
{Heap before GC invocations=19 (full 5):
 PSYoungGen      total 411136K, used 2500K [0x00000000d5d00000, 0x00000000f1680000, 0x0000000100000000)
  eden space 387072K, 0% used [0x00000000d5d00000,0x00000000d5d00000,0x00000000ed700000)
  from space 24064K, 10% used [0x00000000eee80000,0x00000000ef0f1338,0x00000000f0600000)
  to   space 24064K, 0% used [0x00000000ed700000,0x00000000ed700000,0x00000000eee80000)
 ParOldGen       total 173056K, used 51637K [0x0000000081600000, 0x000000008bf00000, 0x00000000d5d00000)
  object space 173056K, 29% used [0x0000000081600000,0x000000008486d690,0x000000008bf00000)
 Metaspace       used 161128K, capacity 163524K, committed 163916K, reserved 1198080K
  class space    used 14912K, capacity 15399K, committed 15488K, reserved 1048576K
Event: 168.011 GC heap after
Heap after GC invocations=19 (full 5):
 PSYoungGen      total 411136K, used 0K [0x00000000d5d00000, 0x00000000f1680000, 0x0000000100000000)
  eden space 387072K, 0% used [0x00000000d5d00000,0x00000000d5d00000,0x00000000ed700000)
  from space 24064K, 0% used [0x00000000eee80000,0x00000000eee80000,0x00000000f0600000)
  to   space 24064K, 0% used [0x00000000ed700000,0x00000000ed700000,0x00000000eee80000)
 ParOldGen       total 202240K, used 53274K [0x0000000081600000, 0x000000008db80000, 0x00000000d5d00000)
  object space 202240K, 26% used [0x0000000081600000,0x0000000084a06b08,0x000000008db80000)
 Metaspace       used 160788K, capacity 163080K, committed 163916K, reserved 1198080K
  class space    used 14857K, capacity 15295K, committed 15488K, reserved 1048576K
}
Event: 308.821 GC heap before
{Heap before GC invocations=20 (full 5):
 PSYoungGen      total 411136K, used 11621K [0x00000000d5d00000, 0x00000000f1680000, 0x0000000100000000)
  eden space 387072K, 3% used [0x00000000d5d00000,0x00000000d6859680,0x00000000ed700000)
  from space 24064K, 0% used [0x00000000eee80000,0x00000000eee80000,0x00000000f0600000)
  to   space 24064K, 0% used [0x00000000ed700000,0x00000000ed700000,0x00000000eee80000)
 ParOldGen       total 202240K, used 53274K [0x0000000081600000, 0x000000008db80000, 0x00000000d5d00000)
  object space 202240K, 26% used [0x0000000081600000,0x0000000084a06b08,0x000000008db80000)
 Metaspace       used 160838K, capacity 163144K, committed 164172K, reserved 1198080K
  class space    used 14857K, capacity 15295K, committed 15488K, reserved 1048576K
Event: 308.829 GC heap after
Heap after GC invocations=20 (full 5):
 PSYoungGen      total 411136K, used 96K [0x00000000d5d00000, 0x00000000f4b00000, 0x0000000100000000)
  eden space 387072K, 0% used [0x00000000d5d00000,0x00000000d5d00000,0x00000000ed700000)
  from space 24064K, 0% used [0x00000000ed700000,0x00000000ed718000,0x00000000eee80000)
  to   space 24064K, 0% used [0x00000000f3380000,0x00000000f3380000,0x00000000f4b00000)
 ParOldGen       total 202240K, used 53282K [0x0000000081600000, 0x000000008db80000, 0x00000000d5d00000)
  object space 202240K, 26% used [0x0000000081600000,0x0000000084a08b08,0x000000008db80000)
 Metaspace       used 160838K, capacity 163144K, committed 164172K, reserved 1198080K
  class space    used 14857K, capacity 15295K, committed 15488K, reserved 1048576K
}
Event: 308.829 GC heap before
{Heap before GC invocations=21 (full 6):
 PSYoungGen      total 411136K, used 96K [0x00000000d5d00000, 0x00000000f4b00000, 0x0000000100000000)
  eden space 387072K, 0% used [0x00000000d5d00000,0x00000000d5d00000,0x00000000ed700000)
  from space 24064K, 0% used [0x00000000ed700000,0x00000000ed718000,0x00000000eee80000)
  to   space 24064K, 0% used [0x00000000f3380000,0x00000000f3380000,0x00000000f4b00000)
 ParOldGen       total 202240K, used 53282K [0x0000000081600000, 0x000000008db80000, 0x00000000d5d00000)
  object space 202240K, 26% used [0x0000000081600000,0x0000000084a08b08,0x000000008db80000)
 Metaspace       used 160838K, capacity 163144K, committed 164172K, reserved 1198080K
  class space    used 14857K, capacity 15295K, committed 15488K, reserved 1048576K
Event: 308.946 GC heap after
Heap after GC invocations=21 (full 6):
 PSYoungGen      total 411136K, used 0K [0x00000000d5d00000, 0x00000000f4b00000, 0x0000000100000000)
  eden space 387072K, 0% used [0x00000000d5d00000,0x00000000d5d00000,0x00000000ed700000)
  from space 24064K, 0% used [0x00000000ed700000,0x00000000ed700000,0x00000000eee80000)
  to   space 24064K, 0% used [0x00000000f3380000,0x00000000f3380000,0x00000000f4b00000)
 ParOldGen       total 234496K, used 51705K [0x0000000081600000, 0x000000008fb00000, 0x00000000d5d00000)
  object space 234496K, 22% used [0x0000000081600000,0x000000008487e640,0x000000008fb00000)
 Metaspace       used 160826K, capacity 163126K, committed 164172K, reserved 1198080K
  class space    used 14856K, capacity 15292K, committed 15488K, reserved 1048576K
}

