# JRE version: Java(TM) SE Runtime Environment (8.0_40-b26) (build 1.8.0_40-b26)
# Java VM: Java HotSpot(TM) 64-Bit Server VM (25.40-b25 mixed mode windows-amd64 compressed oops)
Heap:
 PSYoungGen      total 229888K, used 202931K [0x00000000d5d00000, 0x00000000e6480000, 0x0000000100000000)
  eden space 217088K, 93% used [0x00000000d5d00000,0x00000000e232cff8,0x00000000e3100000)
  from space 12800K, 0% used [0x00000000e4000000,0x00000000e4000000,0x00000000e4c80000)
  to   space 15360K, 0% used [0x00000000e3100000,0x00000000e3100000,0x00000000e4000000)
 ParOldGen       total 82432K, used 20913K [0x0000000081600000, 0x0000000086680000, 0x00000000d5d00000)
  object space 82432K, 25% used [0x0000000081600000,0x0000000082a6c428,0x0000000086680000)
 Metaspace       used 50020K, capacity 50556K, committed 50776K, reserved 1091584K
  class space    used 8428K, capacity 8525K, committed 8576K, reserved 1048576K
GC Heap History (10 events):
Event: 5.947 GC heap before
{Heap before GC invocations=6 (full 1):
 PSYoungGen      total 71680K, used 5094K [0x00000000d5d00000, 0x00000000df100000, 0x0000000100000000)
  eden space 66560K, 0% used [0x00000000d5d00000,0x00000000d5d00000,0x00000000d9e00000)
  from space 5120K, 99% used [0x00000000d9e00000,0x00000000da2f9a68,0x00000000da300000)
  to   space 9216K, 0% used [0x00000000de800000,0x00000000de800000,0x00000000df100000)
 ParOldGen       total 87552K, used 5904K [0x0000000081600000, 0x0000000086b80000, 0x00000000d5d00000)
  object space 87552K, 6% used [0x0000000081600000,0x0000000081bc4220,0x0000000086b80000)
 Metaspace       used 20798K, capacity 20978K, committed 21248K, reserved 1067008K
  class space    used 2671K, capacity 2717K, committed 2816K, reserved 1048576K
Event: 5.986 GC heap after
Heap after GC invocations=6 (full 1):
 PSYoungGen      total 71680K, used 0K [0x00000000d5d00000, 0x00000000df100000, 0x0000000100000000)
  eden space 66560K, 0% used [0x00000000d5d00000,0x00000000d5d00000,0x00000000d9e00000)
  from space 5120K, 0% used [0x00000000d9e00000,0x00000000d9e00000,0x00000000da300000)
  to   space 9216K, 0% used [0x00000000de800000,0x00000000de800000,0x00000000df100000)
 ParOldGen       total 53760K, used 9599K [0x0000000081600000, 0x0000000084a80000, 0x00000000d5d00000)
  object space 53760K, 17% used [0x0000000081600000,0x0000000081f5ff30,0x0000000084a80000)
 Metaspace       used 20798K, capacity 20978K, committed 21248K, reserved 1067008K
  class space    used 2671K, capacity 2717K, committed 2816K, reserved 1048576K
}
Event: 6.971 GC heap before
{Heap before GC invocations=7 (full 1):
 PSYoungGen      total 71680K, used 66560K [0x00000000d5d00000, 0x00000000df100000, 0x0000000100000000)
  eden space 66560K, 100% used [0x00000000d5d00000,0x00000000d9e00000,0x00000000d9e00000)
  from space 5120K, 0% used [0x00000000d9e00000,0x00000000d9e00000,0x00000000da300000)
  to   space 9216K, 0% used [0x00000000de800000,0x00000000de800000,0x00000000df100000)
 ParOldGen       total 53760K, used 9599K [0x0000000081600000, 0x0000000084a80000, 0x00000000d5d00000)
  object space 53760K, 17% used [0x0000000081600000,0x0000000081f5ff30,0x0000000084a80000)
 Metaspace       used 25953K, capacity 26200K, committed 26496K, reserved 1073152K
  class space    used 3285K, capacity 3374K, committed 3456K, reserved 1048576K
Event: 7.017 GC heap after
Heap after GC invocations=7 (full 1):
 PSYoungGen      total 129536K, used 7309K [0x00000000d5d00000, 0x00000000def80000, 0x0000000100000000)
  eden space 121856K, 0% used [0x00000000d5d00000,0x00000000d5d00000,0x00000000dd400000)
  from space 7680K, 95% used [0x00000000de800000,0x00000000def234b0,0x00000000def80000)
  to   space 9728K, 0% used [0x00000000ddc80000,0x00000000ddc80000,0x00000000de600000)
 ParOldGen       total 53760K, used 9599K [0x0000000081600000, 0x0000000084a80000, 0x00000000d5d00000)
  object space 53760K, 17% used [0x0000000081600000,0x0000000081f5ff30,0x0000000084a80000)
 Metaspace       used 25953K, capacity 26200K, committed 26496K, reserved 1073152K
  class space    used 3285K, capacity 3374K, committed 3456K, reserved 1048576K
}
Event: 8.898 GC heap before
{Heap before GC invocations=8 (full 1):
 PSYoungGen      total 129536K, used 129165K [0x00000000d5d00000, 0x00000000def80000, 0x0000000100000000)
  eden space 121856K, 100% used [0x00000000d5d00000,0x00000000dd400000,0x00000000dd400000)
  from space 7680K, 95% used [0x00000000de800000,0x00000000def234b0,0x00000000def80000)
  to   space 9728K, 0% used [0x00000000ddc80000,0x00000000ddc80000,0x00000000de600000)
 ParOldGen       total 53760K, used 9599K [0x0000000081600000, 0x0000000084a80000, 0x00000000d5d00000)
  object space 53760K, 17% used [0x0000000081600000,0x0000000081f5ff30,0x0000000084a80000)
 Metaspace       used 31285K, capacity 31586K, committed 32000K, reserved 1077248K
  class space    used 3946K, capacity 4037K, committed 4096K, reserved 1048576K
Event: 8.918 GC heap after
Heap after GC invocations=8 (full 1):
 PSYoungGen      total 140288K, used 9700K [0x00000000d5d00000, 0x00000000e4c80000, 0x0000000100000000)
  eden space 130560K, 0% used [0x00000000d5d00000,0x00000000d5d00000,0x00000000ddc80000)
  from space 9728K, 99% used [0x00000000ddc80000,0x00000000de5f9080,0x00000000de600000)
  to   space 12800K, 0% used [0x00000000e4000000,0x00000000e4000000,0x00000000e4c80000)
 ParOldGen       total 53760K, used 13518K [0x0000000081600000, 0x0000000084a80000, 0x00000000d5d00000)
  object space 53760K, 25% used [0x0000000081600000,0x0000000082333930,0x0000000084a80000)
 Metaspace       used 31285K, capacity 31586K, committed 32000K, reserved 1077248K
  class space    used 3946K, capacity 4037K, committed 4096K, reserved 1048576K
}
Event: 9.736 GC heap before
{Heap before GC invocations=9 (full 1):
 PSYoungGen      total 140288K, used 92660K [0x00000000d5d00000, 0x00000000e4c80000, 0x0000000100000000)
  eden space 130560K, 63% used [0x00000000d5d00000,0x00000000dae04050,0x00000000ddc80000)
  from space 9728K, 99% used [0x00000000ddc80000,0x00000000de5f9080,0x00000000de600000)
  to   space 12800K, 0% used [0x00000000e4000000,0x00000000e4000000,0x00000000e4c80000)
 ParOldGen       total 53760K, used 13518K [0x0000000081600000, 0x0000000084a80000, 0x00000000d5d00000)
  object space 53760K, 25% used [0x0000000081600000,0x0000000082333930,0x0000000084a80000)
 Metaspace       used 34757K, capacity 35252K, committed 35416K, reserved 1081344K
  class space    used 4267K, capacity 4398K, committed 4480K, reserved 1048576K
Event: 9.777 GC heap after
Heap after GC invocations=9 (full 1):
 PSYoungGen      total 229888K, used 12775K [0x00000000d5d00000, 0x00000000e6480000, 0x0000000100000000)
  eden space 217088K, 0% used [0x00000000d5d00000,0x00000000d5d00000,0x00000000e3100000)
  from space 12800K, 99% used [0x00000000e4000000,0x00000000e4c79ff8,0x00000000e4c80000)
  to   space 15360K, 0% used [0x00000000e3100000,0x00000000e3100000,0x00000000e4000000)
 ParOldGen       total 53760K, used 15452K [0x0000000081600000, 0x0000000084a80000, 0x00000000d5d00000)
  object space 53760K, 28% used [0x0000000081600000,0x0000000082517108,0x0000000084a80000)
 Metaspace       used 34757K, capacity 35252K, committed 35416K, reserved 1081344K
  class space    used 4267K, capacity 4398K, committed 4480K, reserved 1048576K
}
Event: 9.777 GC heap before
{Heap before GC invocations=10 (full 2):
 PSYoungGen      total 229888K, used 12775K [0x00000000d5d00000, 0x00000000e6480000, 0x0000000100000000)
  eden space 217088K, 0% used [0x00000000d5d00000,0x00000000d5d00000,0x00000000e3100000)
  from space 12800K, 99% used [0x00000000e4000000,0x00000000e4c79ff8,0x00000000e4c80000)
  to   space 15360K, 0% used [0x00000000e3100000,0x00000000e3100000,0x00000000e4000000)
 ParOldGen       total 53760K, used 15452K [0x0000000081600000, 0x0000000084a80000, 0x00000000d5d00000)
  object space 53760K, 28% used [0x0000000081600000,0x0000000082517108,0x0000000084a80000)
 Metaspace       used 34757K, capacity 35252K, committed 35416K, reserved 1081344K
  class space    used 4267K, capacity 4398K, committed 4480K, reserved 1048576K
Event: 9.925 GC heap after
Heap after GC invocations=10 (full 2):
 PSYoungGen      total 229888K, used 0K [0x00000000d5d00000, 0x00000000e6480000, 0x0000000100000000)
  eden space 217088K, 0% used [0x00000000d5d00000,0x00000000d5d00000,0x00000000e3100000)
  from space 12800K, 0% used [0x00000000e4000000,0x00000000e4000000,0x00000000e4c80000)
  to   space 15360K, 0% used [0x00000000e3100000,0x00000000e3100000,0x00000000e4000000)
 ParOldGen       total 82432K, used 20913K [0x0000000081600000, 0x0000000086680000, 0x00000000d5d00000)
  object space 82432K, 25% used [0x0000000081600000,0x0000000082a6c428,0x0000000086680000)
 Metaspace       used 34727K, capacity 35204K, committed 35416K, reserved 1081344K
  class space    used 4263K, capacity 4390K, committed 4480K, reserved 1048576K
}

